Info: CustomCategory:help_desk_processo: 40 mini seconds publishing element
Info: DeliveryProcess:process_HelpDesk: 452 mini seconds publishing element
Info: DeliveryProcess:process_HelpDesk: 1256 mini seconds publishing process specific layout data
Info: Phase:Concepção: 187 mini seconds publishing element
Info: Iteration:Iteração da Fase de Concepção: 174 mini seconds publishing element
Info: Activity:p: 156 mini seconds publishing element
Info: Activity:Identificar e Refinar os Requisitos: 174 mini seconds publishing element
Info: Milestone:Marco da Fase de Concepção: 25 mini seconds publishing element
Info: Phase:Elaboração: 179 mini seconds publishing element
Info: Iteration:Iteração da Fase de Elaboração: 256 mini seconds publishing element
Info: Activity:Activity 1: 139 mini seconds publishing element
Info: Activity:ahah: 126 mini seconds publishing element
Info: Activity:Desenvolver a Arquitetura: 173 mini seconds publishing element
Info: Activity:Plano de Tempo: 142 mini seconds publishing element
Info: Milestone:Marco da Fase de Elaboração: 23 mini seconds publishing element
Info: Phase:Construção: 294 mini seconds publishing element
Info: Iteration:Iteração da Fase de Construção 1: 205 mini seconds publishing element
Info: Activity:Desenvolver um Incremento da Solução: 246 mini seconds publishing element
Info: Activity:Testar Solução: 199 mini seconds publishing element
Info: Iteration:Iteração da Fase de Construção 2: 202 mini seconds publishing element
Info: Activity:Desenvolver um Incremento da Solução: 238 mini seconds publishing element
Info: Activity:Testar Solução: 187 mini seconds publishing element
Info: Iteration:Iteração da Fase de Construção 3: 230 mini seconds publishing element
Info: Activity:Desenvolver um Incremento da Solução: 240 mini seconds publishing element
Info: Activity:Testar Solução: 187 mini seconds publishing element
Info: Activity:Integrar Módulos: 143 mini seconds publishing element
Info: Milestone:Marco da Fase de Construção: 25 mini seconds publishing element
Info: Phase:Transição: 146 mini seconds publishing element
Info: Activity:Avaliar Resultados: 128 mini seconds publishing element
Info: Milestone:Marco da Fase de Transição: 21 mini seconds publishing element
Info: TaskDescriptor:define_vision: 183 mini seconds publishing element
Info: TaskDescriptor:plan_the_project: 110 mini seconds publishing element
Info: TaskDescriptor:find_and_outline_requirements: 132 mini seconds publishing element
Info: TaskDescriptor:plan_the_project: 118 mini seconds publishing element
Info: TaskDescriptor:analise_riscos: 23 mini seconds publishing element
Info: TaskDescriptor:mitigar_riscos: 24 mini seconds publishing element
Info: TaskDescriptor:outline_the_architecture: 196 mini seconds publishing element
Info: TaskDescriptor:refine_the_architecture: 109 mini seconds publishing element
Info: TaskDescriptor:planejar_tempo: 25 mini seconds publishing element
Info: TaskDescriptor:design_solution: 215 mini seconds publishing element
Info: TaskDescriptor:impl_developer_tests: 84 mini seconds publishing element
Info: TaskDescriptor:implement_solution: 70 mini seconds publishing element
Info: TaskDescriptor:run_developer_tests: 77 mini seconds publishing element
Info: TaskDescriptor:integrate_and_create_build: 114 mini seconds publishing element
Info: TaskDescriptor:implement_test_scripts: 123 mini seconds publishing element
Info: TaskDescriptor:integrate_and_create_build: 109 mini seconds publishing element
Info: TaskDescriptor:run_tests: 107 mini seconds publishing element
Info: TaskDescriptor:design_solution: 204 mini seconds publishing element
Info: TaskDescriptor:impl_developer_tests: 86 mini seconds publishing element
Info: TaskDescriptor:implement_solution: 81 mini seconds publishing element
Info: TaskDescriptor:run_developer_tests: 86 mini seconds publishing element
Info: TaskDescriptor:integrate_and_create_build: 106 mini seconds publishing element
Info: TaskDescriptor:implement_test_scripts: 123 mini seconds publishing element
Info: TaskDescriptor:integrate_and_create_build: 112 mini seconds publishing element
Info: TaskDescriptor:run_tests: 99 mini seconds publishing element
Info: TaskDescriptor:design_solution: 199 mini seconds publishing element
Info: TaskDescriptor:impl_developer_tests: 93 mini seconds publishing element
Info: TaskDescriptor:implement_solution: 69 mini seconds publishing element
Info: TaskDescriptor:run_developer_tests: 72 mini seconds publishing element
Info: TaskDescriptor:integrate_and_create_build: 105 mini seconds publishing element
Info: TaskDescriptor:implement_test_scripts: 134 mini seconds publishing element
Info: TaskDescriptor:integrate_and_create_build: 108 mini seconds publishing element
Info: TaskDescriptor:run_tests: 101 mini seconds publishing element
Info: TaskDescriptor:integrar_modulos: 22 mini seconds publishing element
Info: TaskDescriptor:avaliar_resultados: 21 mini seconds publishing element
Info: RoleDescriptor:analyst: 49 mini seconds publishing element
Info: RoleDescriptor:architect: 35 mini seconds publishing element
Info: RoleDescriptor:developer: 19 mini seconds publishing element
Info: RoleDescriptor:project_manager: 22 mini seconds publishing element
Info: RoleDescriptor:any_role: 27 mini seconds publishing element
Info: RoleDescriptor:stakeholder: 22 mini seconds publishing element
Info: RoleDescriptor:tester: 23 mini seconds publishing element
Info: WorkProductDescriptor:architecture_notebook: 59 mini seconds publishing element
Info: WorkProductDescriptor:test_case: 42 mini seconds publishing element
Info: WorkProductDescriptor:build: 22 mini seconds publishing element
Info: WorkProductDescriptor:cronograma: 18 mini seconds publishing element
Info: WorkProductDescriptor:glossary: 22 mini seconds publishing element
Info: WorkProductDescriptor:implementation: 21 mini seconds publishing element
Info: WorkProductDescriptor:lista_riscos: 19 mini seconds publishing element
Info: WorkProductDescriptor:uc_model: 17 mini seconds publishing element
Info: WorkProductDescriptor:project_plan: 21 mini seconds publishing element
Info: WorkProductDescriptor:test_log: 21 mini seconds publishing element
Info: WorkProductDescriptor:software: 18 mini seconds publishing element
Info: WorkProductDescriptor:developer_test: 25 mini seconds publishing element
Info: WorkProductDescriptor:vision: 37 mini seconds publishing element
Info: RoleDescriptor:analyst: 38 mini seconds publishing element
Info: RoleDescriptor:architect: 39 mini seconds publishing element
Info: RoleDescriptor:developer: 18 mini seconds publishing element
Info: RoleDescriptor:stakeholder: 20 mini seconds publishing element
Info: RoleDescriptor:tester: 25 mini seconds publishing element
Info: RoleDescriptor:analyst: 46 mini seconds publishing element
Info: RoleDescriptor:architect: 36 mini seconds publishing element
Info: RoleDescriptor:developer: 21 mini seconds publishing element
Info: RoleDescriptor:project_manager: 23 mini seconds publishing element
Info: RoleDescriptor:stakeholder: 23 mini seconds publishing element
Info: RoleDescriptor:tester: 23 mini seconds publishing element
Info: RoleDescriptor:analyst: 39 mini seconds publishing element
Info: RoleDescriptor:project_manager: 22 mini seconds publishing element
Info: RoleDescriptor:stakeholder: 25 mini seconds publishing element
Info: RoleDescriptor:analyst: 46 mini seconds publishing element
Info: RoleDescriptor:project_manager: 23 mini seconds publishing element
Info: RoleDescriptor:stakeholder: 18 mini seconds publishing element
Info: RoleDescriptor:analyst: 43 mini seconds publishing element
Info: RoleDescriptor:architect: 34 mini seconds publishing element
Info: RoleDescriptor:developer: 19 mini seconds publishing element
Info: RoleDescriptor:project_manager: 25 mini seconds publishing element
Info: RoleDescriptor:stakeholder: 19 mini seconds publishing element
Info: RoleDescriptor:analyst: 39 mini seconds publishing element
Info: RoleDescriptor:architect: 35 mini seconds publishing element
Info: RoleDescriptor:developer: 21 mini seconds publishing element
Info: RoleDescriptor:project_manager: 21 mini seconds publishing element
Info: RoleDescriptor:stakeholder: 19 mini seconds publishing element
Info: RoleDescriptor:tester: 23 mini seconds publishing element
Info: RoleDescriptor:analyst: 40 mini seconds publishing element
Info: RoleDescriptor:developer: 28 mini seconds publishing element
Info: RoleDescriptor:stakeholder: 19 mini seconds publishing element
Info: RoleDescriptor:tester: 23 mini seconds publishing element
Info: WorkProductDescriptor:developer_test: 26 mini seconds publishing element
Info: RoleDescriptor:analyst: 41 mini seconds publishing element
Info: RoleDescriptor:architect: 33 mini seconds publishing element
Info: RoleDescriptor:developer: 20 mini seconds publishing element
Info: RoleDescriptor:stakeholder: 22 mini seconds publishing element
Info: RoleDescriptor:tester: 24 mini seconds publishing element
Info: WorkProductDescriptor:test_case: 38 mini seconds publishing element
Info: WorkProductDescriptor:build: 22 mini seconds publishing element
Info: WorkProductDescriptor:implementation: 27 mini seconds publishing element
Info: WorkProductDescriptor:test_log: 21 mini seconds publishing element
Info: WorkProductDescriptor:developer_test: 24 mini seconds publishing element
Info: RoleDescriptor:analyst: 47 mini seconds publishing element
Info: RoleDescriptor:developer: 23 mini seconds publishing element
Info: RoleDescriptor:stakeholder: 19 mini seconds publishing element
Info: RoleDescriptor:tester: 24 mini seconds publishing element
Info: WorkProductDescriptor:developer_test: 25 mini seconds publishing element
Info: RoleDescriptor:analyst: 40 mini seconds publishing element
Info: RoleDescriptor:architect: 34 mini seconds publishing element
Info: RoleDescriptor:developer: 19 mini seconds publishing element
Info: RoleDescriptor:stakeholder: 26 mini seconds publishing element
Info: RoleDescriptor:tester: 27 mini seconds publishing element
Info: WorkProductDescriptor:test_case: 37 mini seconds publishing element
Info: WorkProductDescriptor:build: 22 mini seconds publishing element
Info: WorkProductDescriptor:implementation: 21 mini seconds publishing element
Info: WorkProductDescriptor:test_log: 26 mini seconds publishing element
Info: WorkProductDescriptor:developer_test: 24 mini seconds publishing element
Info: RoleDescriptor:analyst: 48 mini seconds publishing element
Info: RoleDescriptor:developer: 20 mini seconds publishing element
Info: RoleDescriptor:stakeholder: 24 mini seconds publishing element
Info: RoleDescriptor:tester: 23 mini seconds publishing element
Info: WorkProductDescriptor:developer_test: 27 mini seconds publishing element
Info: RoleDescriptor:developer: 20 mini seconds publishing element
Info: RoleDescriptor:tester: 26 mini seconds publishing element
Info: RoleDescriptor:project_manager: 28 mini seconds publishing element
Info: Role:tester: 56 mini seconds publishing element
Info: Role:project_manager: 63 mini seconds publishing element
Info: : Publishing time: 0 minutes 14 seconds
